<?xml version="1.0" encoding="UTF-8"?>
<!-- Generated by org.testng.reporters.JUnitXMLReporter -->
<testsuite hostname="MBRLT00979" ignored="0" name="Default test" tests="5" failures="0" timestamp="2020-06-02T10:04:15 IST" time="218.621" errors="0">
  <testcase name="validateCreateNewUser" time="14.856" classname="com.mmb.qa.testcases.SignUpPageTest"/>
  <testcase name="validateCreateNewUser" time="14.747" classname="com.mmb.qa.testcases.SignUpPageTest"/>
  <testcase name="validateCreateNewUser" time="14.921" classname="com.mmb.qa.testcases.SignUpPageTest"/>
  <testcase name="verifyTheLogOutLableTest" time="0.035" classname="com.mmb.qa.testcases.SignUpPageTest"/>
  <testcase name="clickOnTheSignUpLinkTest" time="1.718" classname="com.mmb.qa.testcases.SignUpPageTest"/>
</testsuite> <!-- Default test -->
